Perfect copy/Visit_Bangladesh_Flutter_7/build/app/intermediates/manifest_merge_blame_file/debug/manifest-merger-blame-debug-report.txt
1<?xml version="1.0" encoding="utf-8"?>
2<manifest xmlns:android="http://schemas.android.com/apk/res/android"
3    package="com.example.visit_bangladesh"
4    android:versionCode="1"
5    android:versionName="1.0.0" >
6
7    <uses-sdk
8        android:minSdkVersion="16"
9        android:targetSdkVersion="28" />
10    <!--
11         Flutter needs it to communicate with the running application
12         to allow setting breakpoints, to provide hot reload, etc.
13    -->
14    <uses-permission android:name="android.permission.INTERNET" />
14-->src\main\AndroidManifest.xml:9:5-66
14-->src\main\AndroidManifest.xml:9:22-64
15    <uses-permission android:name="android.permission.ACCESS_NETWORK_STATE" />
15-->[com.google.firebase:firebase-auth:21.0.1] AndroidManifest.xml:24:5-79
15-->[com.google.firebase:firebase-auth:21.0.1] AndroidManifest.xml:24:22-76
16    <uses-permission android:name="android.permission.WAKE_LOCK" />
16-->[com.google.android.gms:play-services-measurement-api:19.0.0] AndroidManifest.xml:24:5-68
16-->[com.google.android.gms:play-services-measurement-api:19.0.0] AndroidManifest.xml:24:22-65
17    <uses-permission android:name="com.google.android.finsky.permission.BIND_GET_INSTALL_REFERRER_SERVICE" />
17-->[com.google.android.gms:play-services-measurement:19.0.0] AndroidManifest.xml:26:5-110
17-->[com.google.android.gms:play-services-measurement:19.0.0] AndroidManifest.xml:26:22-107
18
19    <application
19-->src\main\AndroidManifest.xml:11:5-53:19
20        android:name="io.flutter.app.FlutterApplication"
20-->src\main\AndroidManifest.xml:12:9-57
21        android:appComponentFactory="androidx.core.app.CoreComponentFactory"
21-->[androidx.core:core:1.1.0] AndroidManifest.xml:24:18-86
22        android:debuggable="true"
23        android:icon="@mipmap/ic_launcher"
23-->src\main\AndroidManifest.xml:14:9-43
24        android:label="visit_bangladesh"
24-->src\main\AndroidManifest.xml:13:9-41
25        android:supportsRtl="true" >
25-->[com.facebook.android:facebook-android-sdk:5.15.3] AndroidManifest.xml:28:18-44
26        <activity
26-->src\main\AndroidManifest.xml:15:9-33:20
27            android:name="com.example.visit_bangladesh.MainActivity"
27-->src\main\AndroidManifest.xml:16:13-41
28            android:configChanges="orientation|keyboardHidden|keyboard|screenSize|smallestScreenSize|locale|layoutDirection|fontScale|screenLayout|density|uiMode"
28-->src\main\AndroidManifest.xml:19:13-163
29            android:hardwareAccelerated="true"
29-->src\main\AndroidManifest.xml:20:13-47
30            android:launchMode="singleTop"
30-->src\main\AndroidManifest.xml:17:13-43
31            android:theme="@style/LaunchTheme"
31-->src\main\AndroidManifest.xml:18:13-47
32            android:windowSoftInputMode="adjustResize" >
32-->src\main\AndroidManifest.xml:21:13-55
33
34            <!--
35                 This keeps the window background of the activity showing
36                 until Flutter renders its first frame. It can be removed if
37                 there is no splash screen (such as the default splash screen
38                 defined in @style/LaunchTheme).
39            -->
40            <meta-data
40-->src\main\AndroidManifest.xml:26:13-28:40
41                android:name="io.flutter.app.android.SplashScreenUntilFirstFrame"
41-->src\main\AndroidManifest.xml:27:17-82
42                android:value="true" />
42-->src\main\AndroidManifest.xml:28:17-37
43
44            <intent-filter>
44-->src\main\AndroidManifest.xml:29:13-32:29
45                <action android:name="android.intent.action.MAIN" />
45-->src\main\AndroidManifest.xml:30:17-68
45-->src\main\AndroidManifest.xml:30:25-66
46
47                <category android:name="android.intent.category.LAUNCHER" />
47-->src\main\AndroidManifest.xml:31:17-76
47-->src\main\AndroidManifest.xml:31:27-74
48            </intent-filter>
49        </activity>
50
51        <meta-data
51-->src\main\AndroidManifest.xml:35:9-36:54
52            android:name="com.facebook.sdk.ApplicationId"
52-->src\main\AndroidManifest.xml:35:20-65
53            android:value="@string/facebook_app_id" />
53-->src\main\AndroidManifest.xml:36:13-52
54
55        <activity
55-->src\main\AndroidManifest.xml:38:9-41:48
56            android:name="com.facebook.FacebookActivity"
56-->src\main\AndroidManifest.xml:38:19-63
57            android:configChanges="keyboard|keyboardHidden|screenLayout|screenSize|orientation"
57-->src\main\AndroidManifest.xml:39:13-113
58            android:label="@string/app_name"
58-->src\main\AndroidManifest.xml:41:13-45
59            android:theme="@style/com_facebook_activity_theme" />
59-->[com.facebook.android:facebook-common:5.15.3] AndroidManifest.xml:33:13-63
60        <activity
60-->src\main\AndroidManifest.xml:42:9-51:20
61            android:name="com.facebook.CustomTabActivity"
61-->src\main\AndroidManifest.xml:43:13-58
62            android:exported="true" >
62-->src\main\AndroidManifest.xml:44:13-36
63            <intent-filter>
63-->src\main\AndroidManifest.xml:45:13-50:29
64                <action android:name="android.intent.action.VIEW" />
64-->src\main\AndroidManifest.xml:46:17-69
64-->src\main\AndroidManifest.xml:46:25-66
65
66                <category android:name="android.intent.category.DEFAULT" />
66-->src\main\AndroidManifest.xml:47:17-76
66-->src\main\AndroidManifest.xml:47:27-73
67                <category android:name="android.intent.category.BROWSABLE" />
67-->src\main\AndroidManifest.xml:48:17-78
67-->src\main\AndroidManifest.xml:48:27-75
68
69                <data android:scheme="@string/fb_login_protocol_scheme" />
69-->src\main\AndroidManifest.xml:49:17-75
69-->src\main\AndroidManifest.xml:49:23-72
70            </intent-filter>
71            <intent-filter>
71-->[com.facebook.android:facebook-common:5.15.3] AndroidManifest.xml:39:13-48:29
72                <action android:name="android.intent.action.VIEW" />
72-->src\main\AndroidManifest.xml:46:17-69
72-->src\main\AndroidManifest.xml:46:25-66
73
74                <category android:name="android.intent.category.DEFAULT" />
74-->src\main\AndroidManifest.xml:47:17-76
74-->src\main\AndroidManifest.xml:47:27-73
75                <category android:name="android.intent.category.BROWSABLE" />
75-->src\main\AndroidManifest.xml:48:17-78
75-->src\main\AndroidManifest.xml:48:27-75
76
77                <data
77-->src\main\AndroidManifest.xml:49:17-75
78                    android:host="cct.com.example.visit_bangladesh"
79                    android:scheme="fbconnect" />
79-->src\main\AndroidManifest.xml:49:23-72
80            </intent-filter>
81        </activity>
82
83        <service
83-->[:firebase_storage] AndroidManifest.xml:8:9-12:19
84            android:name="com.google.firebase.components.ComponentDiscoveryService"
84-->[:firebase_storage] AndroidManifest.xml:8:18-89
85            android:directBootAware="true"
85-->[com.google.firebase:firebase-common:20.0.0] AndroidManifest.xml:35:13-43
86            android:exported="false" >
86-->[com.google.firebase:firebase-auth:21.0.1] AndroidManifest.xml:76:13-37
87            <meta-data
87-->[:firebase_storage] AndroidManifest.xml:9:13-11:85
88                android:name="com.google.firebase.components:io.flutter.plugins.firebase.storage.FlutterFirebaseAppRegistrar"
88-->[:firebase_storage] AndroidManifest.xml:10:17-126
89                android:value="com.google.firebase.components.ComponentRegistrar" />
89-->[:firebase_storage] AndroidManifest.xml:11:17-82
90            <meta-data
90-->[:cloud_firestore] AndroidManifest.xml:9:13-11:85
91                android:name="com.google.firebase.components:io.flutter.plugins.firebase.firestore.FlutterFirebaseFirestoreRegistrar"
91-->[:cloud_firestore] AndroidManifest.xml:10:17-134
92                android:value="com.google.firebase.components.ComponentRegistrar" />
92-->[:cloud_firestore] AndroidManifest.xml:11:17-82
93            <meta-data
93-->[:firebase_auth] AndroidManifest.xml:9:13-11:85
94                android:name="com.google.firebase.components:io.flutter.plugins.firebase.auth.FlutterFirebaseAuthRegistrar"
94-->[:firebase_auth] AndroidManifest.xml:10:17-124
95                android:value="com.google.firebase.components.ComponentRegistrar" />
95-->[:firebase_auth] AndroidManifest.xml:11:17-82
96            <meta-data
96-->[:firebase_core] AndroidManifest.xml:9:13-11:85
97                android:name="com.google.firebase.components:io.flutter.plugins.firebase.core.FlutterFirebaseCoreRegistrar"
97-->[:firebase_core] AndroidManifest.xml:10:17-124
98                android:value="com.google.firebase.components.ComponentRegistrar" />
98-->[:firebase_core] AndroidManifest.xml:11:17-82
99            <meta-data
99-->[com.google.firebase:firebase-auth:21.0.1] AndroidManifest.xml:77:13-79:85
100                android:name="com.google.firebase.components:com.google.firebase.auth.FirebaseAuthRegistrar"
100-->[com.google.firebase:firebase-auth:21.0.1] AndroidManifest.xml:78:17-109
101                android:value="com.google.firebase.components.ComponentRegistrar" />
101-->[com.google.firebase:firebase-auth:21.0.1] AndroidManifest.xml:79:17-82
102            <meta-data
102-->[com.google.firebase:firebase-firestore:23.0.1] AndroidManifest.xml:20:13-22:85
103                android:name="com.google.firebase.components:com.google.firebase.firestore.FirestoreRegistrar"
103-->[com.google.firebase:firebase-firestore:23.0.1] AndroidManifest.xml:21:17-111
104                android:value="com.google.firebase.components.ComponentRegistrar" />
104-->[com.google.firebase:firebase-firestore:23.0.1] AndroidManifest.xml:22:17-82
105            <meta-data
105-->[com.google.firebase:firebase-storage:20.0.0] AndroidManifest.xml:33:13-35:85
106                android:name="com.google.firebase.components:com.google.firebase.storage.StorageRegistrar"
106-->[com.google.firebase:firebase-storage:20.0.0] AndroidManifest.xml:34:17-107
107                android:value="com.google.firebase.components.ComponentRegistrar" />
107-->[com.google.firebase:firebase-storage:20.0.0] AndroidManifest.xml:35:17-82
108            <meta-data
108-->[com.google.android.gms:play-services-measurement-api:19.0.0] AndroidManifest.xml:30:13-32:85
109                android:name="com.google.firebase.components:com.google.firebase.analytics.connector.internal.AnalyticsConnectorRegistrar"
109-->[com.google.android.gms:play-services-measurement-api:19.0.0] AndroidManifest.xml:31:17-139
110                android:value="com.google.firebase.components.ComponentRegistrar" />
110-->[com.google.android.gms:play-services-measurement-api:19.0.0] AndroidManifest.xml:32:17-82
111            <meta-data
111-->[com.google.firebase:firebase-installations:17.0.0] AndroidManifest.xml:18:13-20:85
112                android:name="com.google.firebase.components:com.google.firebase.installations.FirebaseInstallationsRegistrar"
112-->[com.google.firebase:firebase-installations:17.0.0] AndroidManifest.xml:19:17-127
113                android:value="com.google.firebase.components.ComponentRegistrar" />
113-->[com.google.firebase:firebase-installations:17.0.0] AndroidManifest.xml:20:17-82
114        </service>
115
116        <provider
116-->[:image_picker] AndroidManifest.xml:8:9-16:20
117            android:name="io.flutter.plugins.imagepicker.ImagePickerFileProvider"
117-->[:image_picker] AndroidManifest.xml:9:13-82
118            android:authorities="com.example.visit_bangladesh.flutter.image_provider"
118-->[:image_picker] AndroidManifest.xml:10:13-74
119            android:exported="false"
119-->[:image_picker] AndroidManifest.xml:11:13-37
120            android:grantUriPermissions="true" >
120-->[:image_picker] AndroidManifest.xml:12:13-47
121            <meta-data
121-->[:image_picker] AndroidManifest.xml:13:13-15:75
122                android:name="android.support.FILE_PROVIDER_PATHS"
122-->[:image_picker] AndroidManifest.xml:14:17-67
123                android:resource="@xml/flutter_image_picker_file_paths" />
123-->[:image_picker] AndroidManifest.xml:15:17-72
124        </provider>
125
126        <activity
126-->[com.google.firebase:firebase-auth:21.0.1] AndroidManifest.xml:27:9-44:20
127            android:name="com.google.firebase.auth.internal.GenericIdpActivity"
127-->[com.google.firebase:firebase-auth:21.0.1] AndroidManifest.xml:28:13-80
128            android:excludeFromRecents="true"
128-->[com.google.firebase:firebase-auth:21.0.1] AndroidManifest.xml:29:13-46
129            android:exported="true"
129-->[com.google.firebase:firebase-auth:21.0.1] AndroidManifest.xml:30:13-36
130            android:launchMode="singleTask"
130-->[com.google.firebase:firebase-auth:21.0.1] AndroidManifest.xml:31:13-44
131            android:theme="@android:style/Theme.Translucent.NoTitleBar" >
131-->[com.google.firebase:firebase-auth:21.0.1] AndroidManifest.xml:32:13-72
132            <intent-filter>
132-->[com.google.firebase:firebase-auth:21.0.1] AndroidManifest.xml:33:13-43:29
133                <action android:name="android.intent.action.VIEW" />
133-->src\main\AndroidManifest.xml:46:17-69
133-->src\main\AndroidManifest.xml:46:25-66
134
135                <category android:name="android.intent.category.DEFAULT" />
135-->src\main\AndroidManifest.xml:47:17-76
135-->src\main\AndroidManifest.xml:47:27-73
136                <category android:name="android.intent.category.BROWSABLE" />
136-->src\main\AndroidManifest.xml:48:17-78
136-->src\main\AndroidManifest.xml:48:27-75
137
138                <data
138-->src\main\AndroidManifest.xml:49:17-75
139                    android:host="firebase.auth"
140                    android:path="/"
141                    android:scheme="genericidp" />
141-->src\main\AndroidManifest.xml:49:23-72
142            </intent-filter>
143        </activity>
144        <activity
144-->[com.google.firebase:firebase-auth:21.0.1] AndroidManifest.xml:45:9-62:20
145            android:name="com.google.firebase.auth.internal.RecaptchaActivity"
145-->[com.google.firebase:firebase-auth:21.0.1] AndroidManifest.xml:46:13-79
146            android:excludeFromRecents="true"
146-->[com.google.firebase:firebase-auth:21.0.1] AndroidManifest.xml:47:13-46
147            android:exported="true"
147-->[com.google.firebase:firebase-auth:21.0.1] AndroidManifest.xml:48:13-36
148            android:launchMode="singleTask"
148-->[com.google.firebase:firebase-auth:21.0.1] AndroidManifest.xml:49:13-44
149            android:theme="@android:style/Theme.Translucent.NoTitleBar" >
149-->[com.google.firebase:firebase-auth:21.0.1] AndroidManifest.xml:50:13-72
150            <intent-filter>
150-->[com.google.firebase:firebase-auth:21.0.1] AndroidManifest.xml:51:13-61:29
151                <action android:name="android.intent.action.VIEW" />
151-->src\main\AndroidManifest.xml:46:17-69
151-->src\main\AndroidManifest.xml:46:25-66
152
153                <category android:name="android.intent.category.DEFAULT" />
153-->src\main\AndroidManifest.xml:47:17-76
153-->src\main\AndroidManifest.xml:47:27-73
154                <category android:name="android.intent.category.BROWSABLE" />
154-->src\main\AndroidManifest.xml:48:17-78
154-->src\main\AndroidManifest.xml:48:27-75
155
156                <data
156-->src\main\AndroidManifest.xml:49:17-75
157                    android:host="firebase.auth"
158                    android:path="/"
159                    android:scheme="recaptcha" />
159-->src\main\AndroidManifest.xml:49:23-72
160            </intent-filter>
161        </activity>
162
163        <service
163-->[com.google.firebase:firebase-auth:21.0.1] AndroidManifest.xml:64:9-73:19
164            android:name="com.google.firebase.auth.api.fallback.service.FirebaseAuthFallbackService"
164-->[com.google.firebase:firebase-auth:21.0.1] AndroidManifest.xml:65:13-101
165            android:enabled="true"
165-->[com.google.firebase:firebase-auth:21.0.1] AndroidManifest.xml:66:13-35
166            android:exported="false" >
166-->[com.google.firebase:firebase-auth:21.0.1] AndroidManifest.xml:67:13-37
167            <intent-filter>
167-->[com.google.firebase:firebase-auth:21.0.1] AndroidManifest.xml:68:13-72:29
168                <action android:name="com.google.firebase.auth.api.gms.service.START" />
168-->[com.google.firebase:firebase-auth:21.0.1] AndroidManifest.xml:69:17-89
168-->[com.google.firebase:firebase-auth:21.0.1] AndroidManifest.xml:69:25-86
169
170                <category android:name="android.intent.category.DEFAULT" />
170-->src\main\AndroidManifest.xml:47:17-76
170-->src\main\AndroidManifest.xml:47:27-73
171            </intent-filter>
172        </service>
173
174        <activity
174-->[com.google.android.gms:play-services-auth:19.0.0] AndroidManifest.xml:23:9-27:75
175            android:name="com.google.android.gms.auth.api.signin.internal.SignInHubActivity"
175-->[com.google.android.gms:play-services-auth:19.0.0] AndroidManifest.xml:24:13-93
176            android:excludeFromRecents="true"
176-->[com.google.android.gms:play-services-auth:19.0.0] AndroidManifest.xml:25:13-46
177            android:exported="false"
177-->[com.google.android.gms:play-services-auth:19.0.0] AndroidManifest.xml:26:13-37
178            android:theme="@android:style/Theme.Translucent.NoTitleBar" />
178-->[com.google.android.gms:play-services-auth:19.0.0] AndroidManifest.xml:27:13-72
179        <!--
180            Service handling Google Sign-In user revocation. For apps that do not integrate with
181            Google Sign-In, this service will never be started.
182        -->
183        <service
183-->[com.google.android.gms:play-services-auth:19.0.0] AndroidManifest.xml:33:9-37:51
184            android:name="com.google.android.gms.auth.api.signin.RevocationBoundService"
184-->[com.google.android.gms:play-services-auth:19.0.0] AndroidManifest.xml:34:13-89
185            android:exported="true"
185-->[com.google.android.gms:play-services-auth:19.0.0] AndroidManifest.xml:35:13-36
186            android:permission="com.google.android.gms.auth.api.signin.permission.REVOCATION_NOTIFICATION"
186-->[com.google.android.gms:play-services-auth:19.0.0] AndroidManifest.xml:36:13-107
187            android:visibleToInstantApps="true" />
187-->[com.google.android.gms:play-services-auth:19.0.0] AndroidManifest.xml:37:13-48
188
189        <provider
189-->[com.google.firebase:firebase-common:20.0.0] AndroidManifest.xml:26:9-31:39
190            android:name="com.google.firebase.provider.FirebaseInitProvider"
190-->[com.google.firebase:firebase-common:20.0.0] AndroidManifest.xml:27:13-77
191            android:authorities="com.example.visit_bangladesh.firebaseinitprovider"
191-->[com.google.firebase:firebase-common:20.0.0] AndroidManifest.xml:28:13-72
192            android:directBootAware="true"
192-->[com.google.firebase:firebase-common:20.0.0] AndroidManifest.xml:29:13-43
193            android:exported="false"
193-->[com.google.firebase:firebase-common:20.0.0] AndroidManifest.xml:30:13-37
194            android:initOrder="100" />
194-->[com.google.firebase:firebase-common:20.0.0] AndroidManifest.xml:31:13-36
195
196        <activity
196-->[com.google.android.gms:play-services-base:17.1.0] AndroidManifest.xml:23:9-26:75
197            android:name="com.google.android.gms.common.api.GoogleApiActivity"
197-->[com.google.android.gms:play-services-base:17.1.0] AndroidManifest.xml:24:13-79
198            android:exported="false"
198-->[com.google.android.gms:play-services-base:17.1.0] AndroidManifest.xml:25:13-37
199            android:theme="@android:style/Theme.Translucent.NoTitleBar" />
199-->[com.google.android.gms:play-services-base:17.1.0] AndroidManifest.xml:26:13-72
200
201        <receiver
201-->[com.google.android.gms:play-services-measurement:19.0.0] AndroidManifest.xml:29:9-33:20
202            android:name="com.google.android.gms.measurement.AppMeasurementReceiver"
202-->[com.google.android.gms:play-services-measurement:19.0.0] AndroidManifest.xml:30:13-85
203            android:enabled="true"
203-->[com.google.android.gms:play-services-measurement:19.0.0] AndroidManifest.xml:31:13-35
204            android:exported="false" >
204-->[com.google.android.gms:play-services-measurement:19.0.0] AndroidManifest.xml:32:13-37
205        </receiver>
206
207        <service
207-->[com.google.android.gms:play-services-measurement:19.0.0] AndroidManifest.xml:35:9-38:40
208            android:name="com.google.android.gms.measurement.AppMeasurementService"
208-->[com.google.android.gms:play-services-measurement:19.0.0] AndroidManifest.xml:36:13-84
209            android:enabled="true"
209-->[com.google.android.gms:play-services-measurement:19.0.0] AndroidManifest.xml:37:13-35
210            android:exported="false" />
210-->[com.google.android.gms:play-services-measurement:19.0.0] AndroidManifest.xml:38:13-37
211        <service
211-->[com.google.android.gms:play-services-measurement:19.0.0] AndroidManifest.xml:39:9-43:72
212            android:name="com.google.android.gms.measurement.AppMeasurementJobService"
212-->[com.google.android.gms:play-services-measurement:19.0.0] AndroidManifest.xml:40:13-87
213            android:enabled="true"
213-->[com.google.android.gms:play-services-measurement:19.0.0] AndroidManifest.xml:41:13-35
214            android:exported="false"
214-->[com.google.android.gms:play-services-measurement:19.0.0] AndroidManifest.xml:42:13-37
215            android:permission="android.permission.BIND_JOB_SERVICE" />
215-->[com.google.android.gms:play-services-measurement:19.0.0] AndroidManifest.xml:43:13-69
216
217        <meta-data
217-->[com.google.android.gms:play-services-basement:17.1.1] AndroidManifest.xml:23:9-25:69
218            android:name="com.google.android.gms.version"
218-->[com.google.android.gms:play-services-basement:17.1.1] AndroidManifest.xml:24:13-58
219            android:value="@integer/google_play_services_version" />
219-->[com.google.android.gms:play-services-basement:17.1.1] AndroidManifest.xml:25:13-66
220
221        <activity android:name="com.facebook.CustomTabMainActivity" />
221-->[com.facebook.android:facebook-common:5.15.3] AndroidManifest.xml:34:9-71
221-->[com.facebook.android:facebook-common:5.15.3] AndroidManifest.xml:34:19-68
222        <!--
223         The initialization ContentProvider will call FacebookSdk.sdkInitialize automatically
224         with the application context. This config is merged in with the host app's manifest,
225         but there can only be one provider with the same authority activated at any given
226         point; so if the end user has two or more different apps that use Facebook SDK, only the
227         first one will be able to use the provider. To work around this problem, we use the
228         following placeholder in the authority to identify each host application as if it was
229         a completely different provider.
230        -->
231        <provider
231-->[com.facebook.android:facebook-core:5.15.3] AndroidManifest.xml:39:9-42:40
232            android:name="com.facebook.internal.FacebookInitProvider"
232-->[com.facebook.android:facebook-core:5.15.3] AndroidManifest.xml:40:13-70
233            android:authorities="com.example.visit_bangladesh.FacebookInitProvider"
233-->[com.facebook.android:facebook-core:5.15.3] AndroidManifest.xml:41:13-72
234            android:exported="false" />
234-->[com.facebook.android:facebook-core:5.15.3] AndroidManifest.xml:42:13-37
235
236        <receiver
236-->[com.facebook.android:facebook-core:5.15.3] AndroidManifest.xml:44:9-50:20
237            android:name="com.facebook.CurrentAccessTokenExpirationBroadcastReceiver"
237-->[com.facebook.android:facebook-core:5.15.3] AndroidManifest.xml:45:13-86
238            android:exported="false" >
238-->[com.facebook.android:facebook-core:5.15.3] AndroidManifest.xml:46:13-37
239            <intent-filter>
239-->[com.facebook.android:facebook-core:5.15.3] AndroidManifest.xml:47:13-49:29
240                <action android:name="com.facebook.sdk.ACTION_CURRENT_ACCESS_TOKEN_CHANGED" />
240-->[com.facebook.android:facebook-core:5.15.3] AndroidManifest.xml:48:17-95
240-->[com.facebook.android:facebook-core:5.15.3] AndroidManifest.xml:48:25-92
241            </intent-filter>
242        </receiver>
243    </application>
244
245</manifest>